{"C:\\Users\\JOSE\\Documents\\GitHub\\CalidadOrdinario\\CalidadSoftware\\ecosystem.config.js": {"path":"C:\\Users\\JOSE\\Documents\\GitHub\\CalidadOrdinario\\CalidadSoftware\\ecosystem.config.js","statementMap":{"0":{"start":{"line":1,"column":0},"end":{"line":12,"column":4}}},"fnMap":{},"branchMap":{},"s":{"0":0},"f":{},"b":{},"inputSourceMap":null}
,"C:\\Users\\JOSE\\Documents\\GitHub\\CalidadOrdinario\\CalidadSoftware\\jest.config.js": {"path":"C:\\Users\\JOSE\\Documents\\GitHub\\CalidadOrdinario\\CalidadSoftware\\jest.config.js","statementMap":{"0":{"start":{"line":1,"column":0},"end":{"line":12,"column":4}}},"fnMap":{},"branchMap":{},"s":{"0":0},"f":{},"b":{},"inputSourceMap":null}
,"C:\\Users\\JOSE\\Documents\\GitHub\\CalidadOrdinario\\CalidadSoftware\\src\\app.ts": {"path":"C:\\Users\\JOSE\\Documents\\GitHub\\CalidadOrdinario\\CalidadSoftware\\src\\app.ts","statementMap":{"0":{"start":{"line":1,"column":0},"end":{"line":1,"column":29}},"1":{"start":{"line":2,"column":0},"end":{"line":2,"column":27}},"2":{"start":{"line":3,"column":0},"end":{"line":3,"column":23}},"3":{"start":{"line":4,"column":0},"end":{"line":4,"column":49}},"4":{"start":{"line":5,"column":0},"end":{"line":5,"column":47}},"5":{"start":{"line":6,"column":0},"end":{"line":6,"column":55}},"6":{"start":{"line":8,"column":12},"end":{"line":8,"column":21}},"7":{"start":{"line":11,"column":20},"end":{"line":16,"column":2}},"8":{"start":{"line":18,"column":0},"end":{"line":18,"column":23}},"9":{"start":{"line":19,"column":0},"end":{"line":19,"column":27}},"10":{"start":{"line":20,"column":0},"end":{"line":20,"column":24}},"11":{"start":{"line":22,"column":0},"end":{"line":22,"column":22}},"12":{"start":{"line":23,"column":0},"end":{"line":23,"column":21}},"13":{"start":{"line":24,"column":0},"end":{"line":24,"column":25}},"14":{"start":{"line":26,"column":0},"end":{"line":26,"column":19}}},"fnMap":{},"branchMap":{},"s":{"0":0,"1":0,"2":0,"3":0,"4":0,"5":0,"6":0,"7":0,"8":0,"9":0,"10":0,"11":0,"12":0,"13":0,"14":0},"f":{},"b":{}}
,"C:\\Users\\JOSE\\Documents\\GitHub\\CalidadOrdinario\\CalidadSoftware\\src\\db.ts": {"path":"C:\\Users\\JOSE\\Documents\\GitHub\\CalidadOrdinario\\CalidadSoftware\\src\\db.ts","statementMap":{"0":{"start":{"line":1,"column":0},"end":{"line":1,"column":34}},"1":{"start":{"line":2,"column":0},"end":{"line":2,"column":44}},"2":{"start":{"line":3,"column":0},"end":{"line":3,"column":38}},"3":{"start":{"line":4,"column":0},"end":{"line":4,"column":36}},"4":{"start":{"line":7,"column":13},"end":{"line":17,"column":null}}},"fnMap":{},"branchMap":{},"s":{"0":0,"1":0,"2":0,"3":0,"4":0},"f":{},"b":{}}
,"C:\\Users\\JOSE\\Documents\\GitHub\\CalidadOrdinario\\CalidadSoftware\\src\\index.ts": {"path":"C:\\Users\\JOSE\\Documents\\GitHub\\CalidadOrdinario\\CalidadSoftware\\src\\index.ts","statementMap":{"0":{"start":{"line":1,"column":0},"end":{"line":1,"column":30}},"1":{"start":{"line":2,"column":0},"end":{"line":2,"column":34}},"2":{"start":{"line":3,"column":0},"end":{"line":3,"column":23}},"3":{"start":{"line":7,"column":0},"end":{"line":7,"column":24}},"4":{"start":{"line":9,"column":0},"end":{"line":20,"column":7}},"5":{"start":{"line":11,"column":8},"end":{"line":11,"column":null}},"6":{"start":{"line":12,"column":8},"end":{"line":12,"column":null}},"7":{"start":{"line":14,"column":8},"end":{"line":16,"column":11}},"8":{"start":{"line":15,"column":12},"end":{"line":15,"column":58}},"9":{"start":{"line":19,"column":8},"end":{"line":19,"column":null}}},"fnMap":{"0":{"name":"(anonymous_1)","decl":{"start":{"line":10,"column":10},"end":{"line":10,"column":13}},"loc":{"start":{"line":10,"column":15},"end":{"line":17,"column":5}}},"1":{"name":"(anonymous_2)","decl":{"start":{"line":14,"column":25},"end":{"line":14,"column":28}},"loc":{"start":{"line":14,"column":30},"end":{"line":16,"column":9}}},"2":{"name":"(anonymous_3)","decl":{"start":{"line":18,"column":11},"end":{"line":18,"column":12}},"loc":{"start":{"line":18,"column":19},"end":{"line":20,"column":5}}}},"branchMap":{},"s":{"0":0,"1":0,"2":0,"3":0,"4":0,"5":0,"6":0,"7":0,"8":0,"9":0},"f":{"0":0,"1":0,"2":0},"b":{}}
,"C:\\Users\\JOSE\\Documents\\GitHub\\CalidadOrdinario\\CalidadSoftware\\src\\controllers\\Actividad.controller.ts": {"path":"C:\\Users\\JOSE\\Documents\\GitHub\\CalidadOrdinario\\CalidadSoftware\\src\\controllers\\Actividad.controller.ts","statementMap":{"0":{"start":{"line":2,"column":0},"end":{"line":2,"column":38}},"1":{"start":{"line":3,"column":0},"end":{"line":3,"column":48}},"2":{"start":{"line":4,"column":0},"end":{"line":4,"column":40}},"3":{"start":{"line":7,"column":22},"end":{"line":7,"column":32}},"4":{"start":{"line":8,"column":24},"end":{"line":8,"column":32}},"5":{"start":{"line":10,"column":2},"end":{"line":25,"column":3}},"6":{"start":{"line":11,"column":18},"end":{"line":11,"column":89}},"7":{"start":{"line":12,"column":4},"end":{"line":14,"column":5}},"8":{"start":{"line":13,"column":6},"end":{"line":13,"column":71}},"9":{"start":{"line":16,"column":27},"end":{"line":16,"column":42}},"10":{"start":{"line":17,"column":4},"end":{"line":17,"column":49}},"11":{"start":{"line":18,"column":4},"end":{"line":18,"column":33}},"12":{"start":{"line":20,"column":4},"end":{"line":20,"column":64}},"13":{"start":{"line":21,"column":4},"end":{"line":21,"column":48}},"14":{"start":{"line":23,"column":4},"end":{"line":23,"column":25}},"15":{"start":{"line":24,"column":4},"end":{"line":24,"column":79}},"16":{"start":{"line":6,"column":0},"end":{"line":6,"column":22}},"17":{"start":{"line":29,"column":22},"end":{"line":29,"column":32}},"18":{"start":{"line":31,"column":2},"end":{"line":50,"column":3}},"19":{"start":{"line":32,"column":18},"end":{"line":34,"column":6}},"20":{"start":{"line":35,"column":4},"end":{"line":37,"column":5}},"21":{"start":{"line":36,"column":6},"end":{"line":36,"column":78}},"22":{"start":{"line":38,"column":24},"end":{"line":41,"column":6}},"23":{"start":{"line":43,"column":4},"end":{"line":47,"column":5}},"24":{"start":{"line":44,"column":6},"end":{"line":44,"column":35}},"25":{"start":{"line":46,"column":6},"end":{"line":46,"column":78}},"26":{"start":{"line":48,"column":4},"end":{"line":48,"column":25}},"27":{"start":{"line":49,"column":4},"end":{"line":49,"column":79}},"28":{"start":{"line":28,"column":0},"end":{"line":28,"column":22}},"29":{"start":{"line":54,"column":35},"end":{"line":54,"column":45}},"30":{"start":{"line":56,"column":2},"end":{"line":71,"column":3}},"31":{"start":{"line":57,"column":22},"end":{"line":61,"column":6}},"32":{"start":{"line":63,"column":4},"end":{"line":67,"column":5}},"33":{"start":{"line":64,"column":6},"end":{"line":64,"column":33}},"34":{"start":{"line":66,"column":6},"end":{"line":66,"column":78}},"35":{"start":{"line":69,"column":4},"end":{"line":69,"column":25}},"36":{"start":{"line":70,"column":4},"end":{"line":70,"column":79}},"37":{"start":{"line":53,"column":0},"end":{"line":53,"column":22}},"38":{"start":{"line":75,"column":35},"end":{"line":75,"column":45}},"39":{"start":{"line":77,"column":2},"end":{"line":93,"column":3}},"40":{"start":{"line":78,"column":22},"end":{"line":81,"column":6}},"41":{"start":{"line":83,"column":4},"end":{"line":85,"column":5}},"42":{"start":{"line":84,"column":6},"end":{"line":84,"column":71}},"43":{"start":{"line":87,"column":4},"end":{"line":87,"column":25}},"44":{"start":{"line":88,"column":4},"end":{"line":88,"column":59}},"45":{"start":{"line":89,"column":4},"end":{"line":89,"column":75}},"46":{"start":{"line":91,"column":4},"end":{"line":91,"column":25}},"47":{"start":{"line":92,"column":4},"end":{"line":92,"column":79}},"48":{"start":{"line":74,"column":0},"end":{"line":74,"column":22}}},"fnMap":{"0":{"name":"AgregarActividad","decl":{"start":{"line":6,"column":22},"end":{"line":6,"column":38}},"loc":{"start":{"line":6,"column":66},"end":{"line":26,"column":null}}},"1":{"name":"ConseguirActividades","decl":{"start":{"line":28,"column":22},"end":{"line":28,"column":42}},"loc":{"start":{"line":28,"column":70},"end":{"line":51,"column":null}}},"2":{"name":"ConseguirActividad","decl":{"start":{"line":53,"column":22},"end":{"line":53,"column":40}},"loc":{"start":{"line":53,"column":68},"end":{"line":72,"column":null}}},"3":{"name":"BorrarActividad","decl":{"start":{"line":74,"column":22},"end":{"line":74,"column":37}},"loc":{"start":{"line":74,"column":65},"end":{"line":94,"column":null}}}},"branchMap":{"0":{"loc":{"start":{"line":12,"column":4},"end":{"line":14,"column":5}},"type":"if","locations":[{"start":{"line":12,"column":4},"end":{"line":14,"column":5}}]},"1":{"loc":{"start":{"line":35,"column":4},"end":{"line":37,"column":5}},"type":"if","locations":[{"start":{"line":35,"column":4},"end":{"line":37,"column":5}}]},"2":{"loc":{"start":{"line":43,"column":4},"end":{"line":47,"column":5}},"type":"if","locations":[{"start":{"line":43,"column":4},"end":{"line":47,"column":5}},{"start":{"line":45,"column":11},"end":{"line":47,"column":5}}]},"3":{"loc":{"start":{"line":63,"column":4},"end":{"line":67,"column":5}},"type":"if","locations":[{"start":{"line":63,"column":4},"end":{"line":67,"column":5}},{"start":{"line":65,"column":11},"end":{"line":67,"column":5}}]},"4":{"loc":{"start":{"line":83,"column":4},"end":{"line":85,"column":5}},"type":"if","locations":[{"start":{"line":83,"column":4},"end":{"line":85,"column":5}}]}},"s":{"0":0,"1":0,"2":0,"3":0,"4":0,"5":0,"6":0,"7":0,"8":0,"9":0,"10":0,"11":0,"12":0,"13":0,"14":0,"15":0,"16":0,"17":0,"18":0,"19":0,"20":0,"21":0,"22":0,"23":0,"24":0,"25":0,"26":0,"27":0,"28":0,"29":0,"30":0,"31":0,"32":0,"33":0,"34":0,"35":0,"36":0,"37":0,"38":0,"39":0,"40":0,"41":0,"42":0,"43":0,"44":0,"45":0,"46":0,"47":0,"48":0},"f":{"0":0,"1":0,"2":0,"3":0},"b":{"0":[0],"1":[0],"2":[0,0],"3":[0,0],"4":[0]}}
,"C:\\Users\\JOSE\\Documents\\GitHub\\CalidadOrdinario\\CalidadSoftware\\src\\controllers\\Imagen.controller.ts": {"path":"C:\\Users\\JOSE\\Documents\\GitHub\\CalidadOrdinario\\CalidadSoftware\\src\\controllers\\Imagen.controller.ts","statementMap":{"0":{"start":{"line":2,"column":0},"end":{"line":2,"column":38}},"1":{"start":{"line":3,"column":0},"end":{"line":3,"column":42}},"2":{"start":{"line":4,"column":0},"end":{"line":4,"column":48}},"3":{"start":{"line":5,"column":0},"end":{"line":5,"column":40}},"4":{"start":{"line":8,"column":37},"end":{"line":8,"column":47}},"5":{"start":{"line":9,"column":21},"end":{"line":9,"column":29}},"6":{"start":{"line":11,"column":4},"end":{"line":30,"column":5}},"7":{"start":{"line":12,"column":24},"end":{"line":15,"column":8}},"8":{"start":{"line":17,"column":6},"end":{"line":19,"column":7}},"9":{"start":{"line":18,"column":8},"end":{"line":18,"column":77}},"10":{"start":{"line":21,"column":26},"end":{"line":21,"column":38}},"11":{"start":{"line":22,"column":6},"end":{"line":22,"column":35}},"12":{"start":{"line":23,"column":6},"end":{"line":23,"column":40}},"13":{"start":{"line":25,"column":6},"end":{"line":25,"column":60}},"14":{"start":{"line":26,"column":6},"end":{"line":26,"column":47}},"15":{"start":{"line":28,"column":6},"end":{"line":28,"column":27}},"16":{"start":{"line":29,"column":6},"end":{"line":29,"column":81}},"17":{"start":{"line":7,"column":0},"end":{"line":7,"column":22}},"18":{"start":{"line":34,"column":37},"end":{"line":34,"column":47}},"19":{"start":{"line":35,"column":18},"end":{"line":37,"column":6}},"20":{"start":{"line":38,"column":4},"end":{"line":40,"column":5}},"21":{"start":{"line":39,"column":6},"end":{"line":39,"column":78}},"22":{"start":{"line":41,"column":4},"end":{"line":50,"column":5}},"23":{"start":{"line":42,"column":23},"end":{"line":44,"column":8}},"24":{"start":{"line":46,"column":6},"end":{"line":46,"column":32}},"25":{"start":{"line":48,"column":6},"end":{"line":48,"column":27}},"26":{"start":{"line":49,"column":6},"end":{"line":49,"column":81}},"27":{"start":{"line":33,"column":2},"end":{"line":33,"column":24}},"28":{"start":{"line":53,"column":43},"end":{"line":53,"column":53}},"29":{"start":{"line":55,"column":0},"end":{"line":69,"column":1}},"30":{"start":{"line":56,"column":19},"end":{"line":59,"column":6}},"31":{"start":{"line":61,"column":4},"end":{"line":65,"column":5}},"32":{"start":{"line":62,"column":4},"end":{"line":62,"column":28}},"33":{"start":{"line":64,"column":4},"end":{"line":64,"column":66}},"34":{"start":{"line":67,"column":4},"end":{"line":67,"column":25}},"35":{"start":{"line":68,"column":4},"end":{"line":68,"column":88}},"36":{"start":{"line":52,"column":2},"end":{"line":52,"column":24}}},"fnMap":{"0":{"name":"AgregarImagen","decl":{"start":{"line":7,"column":22},"end":{"line":7,"column":35}},"loc":{"start":{"line":7,"column":63},"end":{"line":31,"column":null}}},"1":{"name":"ConseguirImagenes","decl":{"start":{"line":33,"column":24},"end":{"line":33,"column":41}},"loc":{"start":{"line":33,"column":69},"end":{"line":51,"column":null}}},"2":{"name":"ConseguirImagen","decl":{"start":{"line":52,"column":24},"end":{"line":52,"column":39}},"loc":{"start":{"line":52,"column":67},"end":{"line":70,"column":null}}}},"branchMap":{"0":{"loc":{"start":{"line":17,"column":6},"end":{"line":19,"column":7}},"type":"if","locations":[{"start":{"line":17,"column":6},"end":{"line":19,"column":7}}]},"1":{"loc":{"start":{"line":38,"column":4},"end":{"line":40,"column":5}},"type":"if","locations":[{"start":{"line":38,"column":4},"end":{"line":40,"column":5}}]},"2":{"loc":{"start":{"line":61,"column":4},"end":{"line":65,"column":5}},"type":"if","locations":[{"start":{"line":61,"column":4},"end":{"line":65,"column":5}},{"start":{"line":63,"column":11},"end":{"line":65,"column":5}}]}},"s":{"0":0,"1":0,"2":0,"3":0,"4":0,"5":0,"6":0,"7":0,"8":0,"9":0,"10":0,"11":0,"12":0,"13":0,"14":0,"15":0,"16":0,"17":0,"18":0,"19":0,"20":0,"21":0,"22":0,"23":0,"24":0,"25":0,"26":0,"27":0,"28":0,"29":0,"30":0,"31":0,"32":0,"33":0,"34":0,"35":0,"36":0},"f":{"0":0,"1":0,"2":0},"b":{"0":[0],"1":[0],"2":[0,0]}}
,"C:\\Users\\JOSE\\Documents\\GitHub\\CalidadOrdinario\\CalidadSoftware\\src\\controllers\\Viaje.controller.ts": {"path":"C:\\Users\\JOSE\\Documents\\GitHub\\CalidadOrdinario\\CalidadSoftware\\src\\controllers\\Viaje.controller.ts","statementMap":{"0":{"start":{"line":2,"column":0},"end":{"line":2,"column":38}},"1":{"start":{"line":3,"column":0},"end":{"line":3,"column":40}},"2":{"start":{"line":6,"column":54},"end":{"line":6,"column":62}},"3":{"start":{"line":8,"column":2},"end":{"line":10,"column":3}},"4":{"start":{"line":9,"column":4},"end":{"line":9,"column":81}},"5":{"start":{"line":12,"column":2},"end":{"line":33,"column":3}},"6":{"start":{"line":13,"column":21},"end":{"line":13,"column":32}},"7":{"start":{"line":14,"column":4},"end":{"line":14,"column":29}},"8":{"start":{"line":15,"column":4},"end":{"line":15,"column":41}},"9":{"start":{"line":16,"column":4},"end":{"line":16,"column":39}},"10":{"start":{"line":17,"column":4},"end":{"line":17,"column":25}},"11":{"start":{"line":18,"column":4},"end":{"line":18,"column":24}},"12":{"start":{"line":20,"column":18},"end":{"line":20,"column":60}},"13":{"start":{"line":21,"column":4},"end":{"line":25,"column":7}},"14":{"start":{"line":28,"column":4},"end":{"line":28,"column":25}},"15":{"start":{"line":29,"column":4},"end":{"line":32,"column":7}},"16":{"start":{"line":5,"column":0},"end":{"line":5,"column":22}},"17":{"start":{"line":37,"column":2},"end":{"line":44,"column":3}},"18":{"start":{"line":38,"column":4},"end":{"line":38,"column":null}},"19":{"start":{"line":39,"column":19},"end":{"line":39,"column":58}},"20":{"start":{"line":40,"column":4},"end":{"line":40,"column":28}},"21":{"start":{"line":42,"column":4},"end":{"line":42,"column":25}},"22":{"start":{"line":43,"column":4},"end":{"line":43,"column":88}},"23":{"start":{"line":36,"column":0},"end":{"line":36,"column":22}},"24":{"start":{"line":48,"column":17},"end":{"line":48,"column":27}},"25":{"start":{"line":49,"column":2},"end":{"line":51,"column":3}},"26":{"start":{"line":50,"column":4},"end":{"line":50,"column":74}},"27":{"start":{"line":53,"column":2},"end":{"line":65,"column":3}},"28":{"start":{"line":54,"column":18},"end":{"line":54,"column":84}},"29":{"start":{"line":55,"column":4},"end":{"line":55,"column":65}},"30":{"start":{"line":57,"column":4},"end":{"line":61,"column":5}},"31":{"start":{"line":58,"column":6},"end":{"line":58,"column":29}},"32":{"start":{"line":60,"column":6},"end":{"line":60,"column":67}},"33":{"start":{"line":63,"column":4},"end":{"line":63,"column":25}},"34":{"start":{"line":64,"column":4},"end":{"line":64,"column":87}},"35":{"start":{"line":47,"column":0},"end":{"line":47,"column":22}},"36":{"start":{"line":69,"column":24},"end":{"line":69,"column":32}},"37":{"start":{"line":71,"column":2},"end":{"line":73,"column":3}},"38":{"start":{"line":72,"column":4},"end":{"line":72,"column":70}},"39":{"start":{"line":75,"column":2},"end":{"line":88,"column":3}},"40":{"start":{"line":76,"column":18},"end":{"line":76,"column":70}},"41":{"start":{"line":78,"column":4},"end":{"line":80,"column":5}},"42":{"start":{"line":79,"column":6},"end":{"line":79,"column":71}},"43":{"start":{"line":82,"column":4},"end":{"line":82,"column":24}},"44":{"start":{"line":83,"column":4},"end":{"line":83,"column":44}},"45":{"start":{"line":84,"column":4},"end":{"line":84,"column":85}},"46":{"start":{"line":86,"column":4},"end":{"line":86,"column":25}},"47":{"start":{"line":87,"column":4},"end":{"line":87,"column":98}},"48":{"start":{"line":68,"column":0},"end":{"line":68,"column":22}}},"fnMap":{"0":{"name":"RegistrarViaje","decl":{"start":{"line":5,"column":22},"end":{"line":5,"column":36}},"loc":{"start":{"line":5,"column":64},"end":{"line":34,"column":null}}},"1":{"name":"ConseguirViajes","decl":{"start":{"line":36,"column":22},"end":{"line":36,"column":37}},"loc":{"start":{"line":36,"column":65},"end":{"line":45,"column":null}}},"2":{"name":"ConseguirViaje","decl":{"start":{"line":47,"column":22},"end":{"line":47,"column":36}},"loc":{"start":{"line":47,"column":64},"end":{"line":66,"column":null}}},"3":{"name":"AgregarNotas","decl":{"start":{"line":68,"column":22},"end":{"line":68,"column":34}},"loc":{"start":{"line":68,"column":62},"end":{"line":89,"column":null}}}},"branchMap":{"0":{"loc":{"start":{"line":8,"column":2},"end":{"line":10,"column":3}},"type":"if","locations":[{"start":{"line":8,"column":2},"end":{"line":10,"column":3}}]},"1":{"loc":{"start":{"line":8,"column":6},"end":{"line":8,"column":55}},"type":"binary-expr","locations":[{"start":{"line":8,"column":6},"end":{"line":8,"column":13}},{"start":{"line":8,"column":17},"end":{"line":8,"column":30}},{"start":{"line":8,"column":34},"end":{"line":8,"column":46}},{"start":{"line":8,"column":50},"end":{"line":8,"column":55}}]},"2":{"loc":{"start":{"line":49,"column":2},"end":{"line":51,"column":3}},"type":"if","locations":[{"start":{"line":49,"column":2},"end":{"line":51,"column":3}}]},"3":{"loc":{"start":{"line":57,"column":4},"end":{"line":61,"column":5}},"type":"if","locations":[{"start":{"line":57,"column":4},"end":{"line":61,"column":5}},{"start":{"line":59,"column":11},"end":{"line":61,"column":5}}]},"4":{"loc":{"start":{"line":71,"column":2},"end":{"line":73,"column":3}},"type":"if","locations":[{"start":{"line":71,"column":2},"end":{"line":73,"column":3}}]},"5":{"loc":{"start":{"line":71,"column":6},"end":{"line":71,"column":19}},"type":"binary-expr","locations":[{"start":{"line":71,"column":6},"end":{"line":71,"column":9}},{"start":{"line":71,"column":13},"end":{"line":71,"column":19}}]},"6":{"loc":{"start":{"line":78,"column":4},"end":{"line":80,"column":5}},"type":"if","locations":[{"start":{"line":78,"column":4},"end":{"line":80,"column":5}}]}},"s":{"0":0,"1":0,"2":0,"3":0,"4":0,"5":0,"6":0,"7":0,"8":0,"9":0,"10":0,"11":0,"12":0,"13":0,"14":0,"15":0,"16":0,"17":0,"18":0,"19":0,"20":0,"21":0,"22":0,"23":0,"24":0,"25":0,"26":0,"27":0,"28":0,"29":0,"30":0,"31":0,"32":0,"33":0,"34":0,"35":0,"36":0,"37":0,"38":0,"39":0,"40":0,"41":0,"42":0,"43":0,"44":0,"45":0,"46":0,"47":0,"48":0},"f":{"0":0,"1":0,"2":0,"3":0},"b":{"0":[0],"1":[0,0,0,0],"2":[0],"3":[0,0],"4":[0],"5":[0,0],"6":[0]}}
,"C:\\Users\\JOSE\\Documents\\GitHub\\CalidadOrdinario\\CalidadSoftware\\src\\models\\Actividad.ts": {"path":"C:\\Users\\JOSE\\Documents\\GitHub\\CalidadOrdinario\\CalidadSoftware\\src\\models\\Actividad.ts","statementMap":{"0":{"start":{"line":1,"column":0},"end":{"line":1,"column":null}},"1":{"start":{"line":9,"column":0},"end":{"line":9,"column":32}},"2":{"start":{"line":10,"column":0},"end":{"line":10,"column":34}},"3":{"start":{"line":13,"column":0},"end":{"line":38,"column":null}},"4":{"start":{"line":40,"column":9},"end":{"line":40,"column":18}},"5":{"start":{"line":15,"column":2},"end":{"line":15,"column":null}},"6":{"start":{"line":18,"column":2},"end":{"line":18,"column":null}},"7":{"start":{"line":21,"column":2},"end":{"line":21,"column":null}},"8":{"start":{"line":24,"column":2},"end":{"line":24,"column":null}},"9":{"start":{"line":27,"column":2},"end":{"line":27,"column":null}},"10":{"start":{"line":30,"column":2},"end":{"line":30,"column":null}},"11":{"start":{"line":34,"column":2},"end":{"line":34,"column":null}},"12":{"start":{"line":32,"column":19},"end":{"line":32,"column":24}},"13":{"start":{"line":32,"column":37},"end":{"line":32,"column":54}},"14":{"start":{"line":37,"column":2},"end":{"line":37,"column":null}},"15":{"start":{"line":36,"column":19},"end":{"line":36,"column":25}},"16":{"start":{"line":36,"column":39},"end":{"line":36,"column":55}},"17":{"start":{"line":13,"column":6},"end":{"line":38,"column":null}}},"fnMap":{"0":{"name":"(anonymous_2)","decl":{"start":{"line":32,"column":13},"end":{"line":32,"column":16}},"loc":{"start":{"line":32,"column":19},"end":{"line":32,"column":24}}},"1":{"name":"(anonymous_3)","decl":{"start":{"line":32,"column":26},"end":{"line":32,"column":27}},"loc":{"start":{"line":32,"column":37},"end":{"line":32,"column":54}}},"2":{"name":"(anonymous_4)","decl":{"start":{"line":36,"column":13},"end":{"line":36,"column":16}},"loc":{"start":{"line":36,"column":19},"end":{"line":36,"column":25}}},"3":{"name":"(anonymous_5)","decl":{"start":{"line":36,"column":27},"end":{"line":36,"column":28}},"loc":{"start":{"line":36,"column":39},"end":{"line":36,"column":55}}}},"branchMap":{},"s":{"0":0,"1":0,"2":0,"3":0,"4":0,"5":0,"6":0,"7":0,"8":0,"9":0,"10":0,"11":0,"12":0,"13":0,"14":0,"15":0,"16":0,"17":0},"f":{"0":0,"1":0,"2":0,"3":0},"b":{}}
,"C:\\Users\\JOSE\\Documents\\GitHub\\CalidadOrdinario\\CalidadSoftware\\src\\models\\Imagen.ts": {"path":"C:\\Users\\JOSE\\Documents\\GitHub\\CalidadOrdinario\\CalidadSoftware\\src\\models\\Imagen.ts","statementMap":{"0":{"start":{"line":1,"column":0},"end":{"line":1,"column":null}},"1":{"start":{"line":8,"column":0},"end":{"line":8,"column":40}},"2":{"start":{"line":11,"column":0},"end":{"line":21,"column":null}},"3":{"start":{"line":23,"column":9},"end":{"line":23,"column":15}},"4":{"start":{"line":13,"column":2},"end":{"line":13,"column":null}},"5":{"start":{"line":16,"column":2},"end":{"line":16,"column":null}},"6":{"start":{"line":20,"column":2},"end":{"line":20,"column":null}},"7":{"start":{"line":18,"column":19},"end":{"line":18,"column":28}},"8":{"start":{"line":18,"column":45},"end":{"line":18,"column":63}},"9":{"start":{"line":11,"column":6},"end":{"line":21,"column":null}}},"fnMap":{"0":{"name":"(anonymous_2)","decl":{"start":{"line":18,"column":13},"end":{"line":18,"column":16}},"loc":{"start":{"line":18,"column":19},"end":{"line":18,"column":28}}},"1":{"name":"(anonymous_3)","decl":{"start":{"line":18,"column":30},"end":{"line":18,"column":31}},"loc":{"start":{"line":18,"column":45},"end":{"line":18,"column":63}}}},"branchMap":{},"s":{"0":0,"1":0,"2":0,"3":0,"4":0,"5":0,"6":0,"7":0,"8":0,"9":0},"f":{"0":0,"1":0},"b":{}}
,"C:\\Users\\JOSE\\Documents\\GitHub\\CalidadOrdinario\\CalidadSoftware\\src\\models\\Viaje.ts": {"path":"C:\\Users\\JOSE\\Documents\\GitHub\\CalidadOrdinario\\CalidadSoftware\\src\\models\\Viaje.ts","statementMap":{"0":{"start":{"line":1,"column":0},"end":{"line":1,"column":null}},"1":{"start":{"line":8,"column":0},"end":{"line":8,"column":40}},"2":{"start":{"line":11,"column":0},"end":{"line":32,"column":null}},"3":{"start":{"line":34,"column":9},"end":{"line":34,"column":14}},"4":{"start":{"line":13,"column":2},"end":{"line":13,"column":null}},"5":{"start":{"line":16,"column":2},"end":{"line":16,"column":null}},"6":{"start":{"line":19,"column":2},"end":{"line":19,"column":null}},"7":{"start":{"line":22,"column":2},"end":{"line":22,"column":null}},"8":{"start":{"line":25,"column":2},"end":{"line":25,"column":null}},"9":{"start":{"line":28,"column":2},"end":{"line":28,"column":null}},"10":{"start":{"line":31,"column":2},"end":{"line":31,"column":null}},"11":{"start":{"line":30,"column":19},"end":{"line":30,"column":28}},"12":{"start":{"line":30,"column":45},"end":{"line":30,"column":60}},"13":{"start":{"line":11,"column":6},"end":{"line":32,"column":null}}},"fnMap":{"0":{"name":"(anonymous_2)","decl":{"start":{"line":30,"column":13},"end":{"line":30,"column":16}},"loc":{"start":{"line":30,"column":19},"end":{"line":30,"column":28}}},"1":{"name":"(anonymous_3)","decl":{"start":{"line":30,"column":30},"end":{"line":30,"column":31}},"loc":{"start":{"line":30,"column":45},"end":{"line":30,"column":60}}}},"branchMap":{},"s":{"0":0,"1":0,"2":0,"3":0,"4":0,"5":0,"6":0,"7":0,"8":0,"9":0,"10":0,"11":0,"12":0,"13":0},"f":{"0":0,"1":0},"b":{}}
,"C:\\Users\\JOSE\\Documents\\GitHub\\CalidadOrdinario\\CalidadSoftware\\src\\routes\\Actividad.routes.ts": {"path":"C:\\Users\\JOSE\\Documents\\GitHub\\CalidadOrdinario\\CalidadSoftware\\src\\routes\\Actividad.routes.ts","statementMap":{"0":{"start":{"line":1,"column":0},"end":{"line":1,"column":30}},"1":{"start":{"line":2,"column":0},"end":{"line":2,"column":130}},"2":{"start":{"line":4,"column":15},"end":{"line":4,"column":23}},"3":{"start":{"line":6,"column":0},"end":{"line":6,"column":58}},"4":{"start":{"line":7,"column":0},"end":{"line":7,"column":73}},"5":{"start":{"line":8,"column":0},"end":{"line":8,"column":62}},"6":{"start":{"line":9,"column":0},"end":{"line":9,"column":73}},"7":{"start":{"line":11,"column":0},"end":{"line":11,"column":null}}},"fnMap":{},"branchMap":{},"s":{"0":0,"1":0,"2":0,"3":0,"4":0,"5":0,"6":0,"7":0},"f":{},"b":{}}
,"C:\\Users\\JOSE\\Documents\\GitHub\\CalidadOrdinario\\CalidadSoftware\\src\\routes\\Imagen.routes.ts": {"path":"C:\\Users\\JOSE\\Documents\\GitHub\\CalidadOrdinario\\CalidadSoftware\\src\\routes\\Imagen.routes.ts","statementMap":{"0":{"start":{"line":1,"column":0},"end":{"line":1,"column":30}},"1":{"start":{"line":2,"column":0},"end":{"line":2,"column":101}},"2":{"start":{"line":4,"column":15},"end":{"line":4,"column":23}},"3":{"start":{"line":6,"column":0},"end":{"line":6,"column":75}},"4":{"start":{"line":7,"column":0},"end":{"line":7,"column":null}},"5":{"start":{"line":8,"column":0},"end":{"line":8,"column":null}},"6":{"start":{"line":10,"column":0},"end":{"line":10,"column":null}}},"fnMap":{},"branchMap":{},"s":{"0":0,"1":0,"2":0,"3":0,"4":0,"5":0,"6":0},"f":{},"b":{}}
,"C:\\Users\\JOSE\\Documents\\GitHub\\CalidadOrdinario\\CalidadSoftware\\src\\routes\\Viaje.routes.ts": {"path":"C:\\Users\\JOSE\\Documents\\GitHub\\CalidadOrdinario\\CalidadSoftware\\src\\routes\\Viaje.routes.ts","statementMap":{"0":{"start":{"line":1,"column":0},"end":{"line":1,"column":30}},"1":{"start":{"line":2,"column":0},"end":{"line":2,"column":113}},"2":{"start":{"line":4,"column":15},"end":{"line":4,"column":23}},"3":{"start":{"line":6,"column":0},"end":{"line":6,"column":37}},"4":{"start":{"line":7,"column":0},"end":{"line":7,"column":37}},"5":{"start":{"line":8,"column":0},"end":{"line":8,"column":40}},"6":{"start":{"line":10,"column":0},"end":{"line":10,"column":42}},"7":{"start":{"line":12,"column":0},"end":{"line":12,"column":null}}},"fnMap":{},"branchMap":{},"s":{"0":0,"1":0,"2":0,"3":0,"4":0,"5":0,"6":0,"7":0},"f":{},"b":{}}
}
